<?xml version="1.0" encoding="UTF-8"?>
<!-- Generated by org.testng.reporters.JUnitXMLReporter -->
<testsuite ignored="0" hostname="GNWINDL2096013" failures="1" tests="3" name="Yocket Web Page" time="283.676" errors="0" timestamp="2021-08-23T11:57:29 IST">
  <testcase classname="testCases.Validate_SignUp" name="main" time="79.474"/>
  <testcase classname="testCases.Validate_Login" name="main" time="6.601"/>
  <testcase classname="testCases.Validate_HarvardUniversity" name="main" time="179.567">
    <failure type="java.lang.NullPointerException" message="Cannot invoke &amp;quot;String.length()&amp;quot; because &amp;quot;this.input&amp;quot; is null">
      <![CDATA[java.lang.NullPointerException: Cannot invoke "String.length()" because "this.input" is null
at java.base/java.net.URI$Parser.parse(URI.java:3154)
at java.base/java.net.URI.<init>(URI.java:623)
at java.base/java.net.URI.create(URI.java:904)
at org.apache.http.client.methods.HttpGet.<init>(HttpGet.java:66)
at testCases.Validate_HarvardUniversity.checkStatusCode(Validate_HarvardUniversity.java:76)
at testCases.Validate_HarvardUniversity.main(Validate_HarvardUniversity.java:68)
at java.base/java.util.ArrayList.forEach(ArrayList.java:1511)
... Removed 27 stack frames]]>
    </failure>
  </testcase> <!-- main -->
</testsuite> <!-- Yocket Web Page -->
