<?xml version="1.0" encoding="UTF-8"?>
<testng-results ignored="0" total="3" passed="2" failed="1" skipped="0">
  <reporter-output>
  </reporter-output>
  <suite started-at="2021-08-23T11:52:45 IST" name="Suite" finished-at="2021-08-23T11:57:29 IST" duration-ms="283676">
    <groups>
    </groups>
    <test started-at="2021-08-23T11:52:45 IST" name="Yocket Web Page" finished-at="2021-08-23T11:57:29 IST" duration-ms="283676">
      <class name="testCases.Validate_SignUp">
        <test-method is-config="true" signature="beforeMethod()[pri:0, instance:testCases.Validate_SignUp@49912c99]" started-at="2021-08-23T11:52:45 IST" name="beforeMethod" finished-at="2021-08-23T11:52:51 IST" duration-ms="5890" status="PASS">
          <reporter-output>
          </reporter-output>
        </test-method> <!-- beforeMethod -->
        <test-method signature="main()[pri:0, instance:testCases.Validate_SignUp@49912c99]" started-at="2021-08-23T11:52:51 IST" name="main" finished-at="2021-08-23T11:54:11 IST" duration-ms="79474" status="PASS">
          <reporter-output>
          </reporter-output>
        </test-method> <!-- main -->
        <test-method is-config="true" signature="tearDown()[pri:0, instance:testCases.Validate_SignUp@49912c99]" started-at="2021-08-23T11:54:11 IST" name="tearDown" finished-at="2021-08-23T11:54:11 IST" duration-ms="837" status="PASS">
          <reporter-output>
          </reporter-output>
        </test-method> <!-- tearDown -->
      </class> <!-- testCases.Validate_SignUp -->
      <class name="testCases.Validate_HarvardUniversity">
        <test-method is-config="true" signature="beforeMethod()[pri:0, instance:testCases.Validate_HarvardUniversity@2dde1bff]" started-at="2021-08-23T11:54:24 IST" name="beforeMethod" finished-at="2021-08-23T11:54:29 IST" duration-ms="4633" status="PASS">
          <reporter-output>
          </reporter-output>
        </test-method> <!-- beforeMethod -->
        <test-method signature="main()[pri:0, instance:testCases.Validate_HarvardUniversity@2dde1bff]" started-at="2021-08-23T11:54:29 IST" name="main" finished-at="2021-08-23T11:57:28 IST" duration-ms="179567" status="FAIL">
          <exception class="java.lang.NullPointerException">
            <message>
              <![CDATA[Cannot invoke "String.length()" because "this.input" is null]]>
            </message>
            <full-stacktrace>
              <![CDATA[java.lang.NullPointerException: Cannot invoke "String.length()" because "this.input" is null
at java.base/java.net.URI$Parser.parse(URI.java:3154)
at java.base/java.net.URI.<init>(URI.java:623)
at java.base/java.net.URI.create(URI.java:904)
at org.apache.http.client.methods.HttpGet.<init>(HttpGet.java:66)
at testCases.Validate_HarvardUniversity.checkStatusCode(Validate_HarvardUniversity.java:76)
at testCases.Validate_HarvardUniversity.main(Validate_HarvardUniversity.java:68)
at java.base/jdk.internal.reflect.NativeMethodAccessorImpl.invoke0(Native Method)
at java.base/jdk.internal.reflect.NativeMethodAccessorImpl.invoke(NativeMethodAccessorImpl.java:64)
at java.base/jdk.internal.reflect.DelegatingMethodAccessorImpl.invoke(DelegatingMethodAccessorImpl.java:43)
at java.base/java.lang.reflect.Method.invoke(Method.java:564)
at org.testng.internal.MethodInvocationHelper.invokeMethod(MethodInvocationHelper.java:132)
at org.testng.internal.TestInvoker.invokeMethod(TestInvoker.java:599)
at org.testng.internal.TestInvoker.invokeTestMethod(TestInvoker.java:174)
at org.testng.internal.MethodRunner.runInSequence(MethodRunner.java:46)
at org.testng.internal.TestInvoker$MethodInvocationAgent.invoke(TestInvoker.java:822)
at org.testng.internal.TestInvoker.invokeTestMethods(TestInvoker.java:147)
at org.testng.internal.TestMethodWorker.invokeTestMethods(TestMethodWorker.java:146)
at org.testng.internal.TestMethodWorker.run(TestMethodWorker.java:128)
at java.base/java.util.ArrayList.forEach(ArrayList.java:1511)
at org.testng.TestRunner.privateRun(TestRunner.java:764)
at org.testng.TestRunner.run(TestRunner.java:585)
at org.testng.SuiteRunner.runTest(SuiteRunner.java:384)
at org.testng.SuiteRunner.runSequentially(SuiteRunner.java:378)
at org.testng.SuiteRunner.privateRun(SuiteRunner.java:337)
at org.testng.SuiteRunner.run(SuiteRunner.java:286)
at org.testng.SuiteRunnerWorker.runSuite(SuiteRunnerWorker.java:53)
at org.testng.SuiteRunnerWorker.run(SuiteRunnerWorker.java:96)
at org.testng.TestNG.runSuitesSequentially(TestNG.java:1218)
at org.testng.TestNG.runSuitesLocally(TestNG.java:1140)
at org.testng.TestNG.runSuites(TestNG.java:1069)
at org.testng.TestNG.run(TestNG.java:1037)
at org.testng.remote.AbstractRemoteTestNG.run(AbstractRemoteTestNG.java:115)
at org.testng.remote.RemoteTestNG.initAndRun(RemoteTestNG.java:251)
at org.testng.remote.RemoteTestNG.main(RemoteTestNG.java:77)
]]>
            </full-stacktrace>
          </exception> <!-- java.lang.NullPointerException -->
          <reporter-output>
          </reporter-output>
        </test-method> <!-- main -->
        <test-method is-config="true" signature="tearDown()[pri:0, instance:testCases.Validate_HarvardUniversity@2dde1bff]" started-at="2021-08-23T11:57:28 IST" name="tearDown" finished-at="2021-08-23T11:57:29 IST" duration-ms="821" status="PASS">
          <reporter-output>
          </reporter-output>
        </test-method> <!-- tearDown -->
      </class> <!-- testCases.Validate_HarvardUniversity -->
      <class name="testCases.Validate_Login">
        <test-method is-config="true" signature="beforeMethod()[pri:0, instance:testCases.Validate_Login@10163d6]" started-at="2021-08-23T11:54:11 IST" name="beforeMethod" finished-at="2021-08-23T11:54:16 IST" duration-ms="5005" status="PASS">
          <reporter-output>
          </reporter-output>
        </test-method> <!-- beforeMethod -->
        <test-method signature="main()[pri:0, instance:testCases.Validate_Login@10163d6]" started-at="2021-08-23T11:54:16 IST" name="main" finished-at="2021-08-23T11:54:23 IST" duration-ms="6601" status="PASS">
          <reporter-output>
          </reporter-output>
        </test-method> <!-- main -->
        <test-method is-config="true" signature="tearDown()[pri:0, instance:testCases.Validate_Login@10163d6]" started-at="2021-08-23T11:54:23 IST" name="tearDown" finished-at="2021-08-23T11:54:24 IST" duration-ms="783" status="PASS">
          <reporter-output>
          </reporter-output>
        </test-method> <!-- tearDown -->
      </class> <!-- testCases.Validate_Login -->
    </test> <!-- Yocket Web Page -->
  </suite> <!-- Suite -->
</testng-results>
